2017-05-05 19:19:29 Warning: DebugKit not enabled. You need to either install pdo_sqlite, or define the "debug_kit" connection name.
2017-05-05 19:21:53 Warning: DebugKit not enabled. You need to either install pdo_sqlite, or define the "debug_kit" connection name.
2017-05-05 19:23:51 Warning: DebugKit not enabled. You need to either install pdo_sqlite, or define the "debug_kit" connection name.
2017-05-05 20:08:07 Warning: DebugKit not enabled. You need to either install pdo_sqlite, or define the "debug_kit" connection name.
2017-05-05 20:09:35 Warning: DebugKit not enabled. You need to either install pdo_sqlite, or define the "debug_kit" connection name.
2017-05-05 20:09:35 Error: [Cake\View\Exception\MissingElementException] Element file "Element/sql_dump.ctp" is missing.
Exception Attributes: array (
  0 => 'Element/sql_dump.ctp',
)
Request URL: /
Stack Trace:
#0 /home/user/CS130/current/lamp/cakephp/app/src/Template/Layout/p3.ctp(64): Cake\View\View->element('sql_dump')
#1 /home/user/CS130/current/lamp/cakephp/app/vendor/cakephp/cakephp/src/View/View.php(1011): include('/home/user/CS13...')
#2 /home/user/CS130/current/lamp/cakephp/app/vendor/cakephp/cakephp/src/View/View.php(972): Cake\View\View->_evaluate('/home/user/CS13...', Array)
#3 /home/user/CS130/current/lamp/cakephp/app/vendor/cakephp/cakephp/src/View/View.php(643): Cake\View\View->_render('/home/user/CS13...')
#4 /home/user/CS130/current/lamp/cakephp/app/vendor/cakephp/cakephp/src/View/View.php(601): Cake\View\View->renderLayout('', 'p3')
#5 /home/user/CS130/current/lamp/cakephp/app/vendor/cakephp/cakephp/src/Controller/Controller.php(623): Cake\View\View->render('index', NULL)
#6 /home/user/CS130/current/lamp/cakephp/app/src/Controller/AppController.php(101): Cake\Controller\Controller->render('index')
#7 /home/user/CS130/current/lamp/cakephp/app/vendor/cakephp/cakephp/src/Controller/Controller.php(440): App\Controller\AppController->display('index')
#8 /home/user/CS130/current/lamp/cakephp/app/vendor/cakephp/cakephp/src/Http/ActionDispatcher.php(119): Cake\Controller\Controller->invokeAction()
#9 /home/user/CS130/current/lamp/cakephp/app/vendor/cakephp/cakephp/src/Http/ActionDispatcher.php(93): Cake\Http\ActionDispatcher->_invoke(Object(App\Controller\PagesController))
#10 /home/user/CS130/current/lamp/cakephp/app/vendor/cakephp/cakephp/src/Http/BaseApplication.php(78): Cake\Http\ActionDispatcher->dispatch(Object(Cake\Http\ServerRequest), Object(Cake\Http\Response))
#11 /home/user/CS130/current/lamp/cakephp/app/vendor/cakephp/cakephp/src/Http/Runner.php(65): Cake\Http\BaseApplication->__invoke(Object(Cake\Http\ServerRequest), Object(Cake\Http\Response), Object(Cake\Http\Runner))
#12 /home/user/CS130/current/lamp/cakephp/app/vendor/cakephp/cakephp/src/Routing/Middleware/RoutingMiddleware.php(59): Cake\Http\Runner->__invoke(Object(Cake\Http\ServerRequest), Object(Cake\Http\Response))
#13 /home/user/CS130/current/lamp/cakephp/app/vendor/cakephp/cakephp/src/Http/Runner.php(65): Cake\Routing\Middleware\RoutingMiddleware->__invoke(Object(Cake\Http\ServerRequest), Object(Cake\Http\Response), Object(Cake\Http\Runner))
#14 /home/user/CS130/current/lamp/cakephp/app/vendor/cakephp/cakephp/src/Routing/Middleware/AssetMiddleware.php(88): Cake\Http\Runner->__invoke(Object(Cake\Http\ServerRequest), Object(Cake\Http\Response))
#15 /home/user/CS130/current/lamp/cakephp/app/vendor/cakephp/cakephp/src/Http/Runner.php(65): Cake\Routing\Middleware\AssetMiddleware->__invoke(Object(Cake\Http\ServerRequest), Object(Cake\Http\Response), Object(Cake\Http\Runner))
#16 /home/user/CS130/current/lamp/cakephp/app/vendor/cakephp/cakephp/src/Error/Middleware/ErrorHandlerMiddleware.php(92): Cake\Http\Runner->__invoke(Object(Cake\Http\ServerRequest), Object(Cake\Http\Response))
#17 /home/user/CS130/current/lamp/cakephp/app/vendor/cakephp/cakephp/src/Http/Runner.php(65): Cake\Error\Middleware\ErrorHandlerMiddleware->__invoke(Object(Cake\Http\ServerRequest), Object(Cake\Http\Response), Object(Cake\Http\Runner))
#18 /home/user/CS130/current/lamp/cakephp/app/vendor/cakephp/cakephp/src/Http/Runner.php(51): Cake\Http\Runner->__invoke(Object(Cake\Http\ServerRequest), Object(Cake\Http\Response))
#19 /home/user/CS130/current/lamp/cakephp/app/vendor/cakephp/cakephp/src/Http/Server.php(80): Cake\Http\Runner->run(Object(Cake\Http\MiddlewareQueue), Object(Cake\Http\ServerRequest), Object(Cake\Http\Response))
#20 /home/user/CS130/current/lamp/cakephp/app/webroot/index.php(37): Cake\Http\Server->run()
#21 {main}


2017-05-05 20:11:14 Warning: DebugKit not enabled. You need to either install pdo_sqlite, or define the "debug_kit" connection name.
2017-05-05 20:11:14 Error: [Error] Call to a member function setLayout() on boolean in /home/user/CS130/current/lamp/cakephp/app/src/Controller/PagesController.php on line 32
Request URL: /
Client IP: 10.0.2.2
Stack Trace:
#0 /home/user/CS130/current/lamp/cakephp/app/vendor/cakephp/cakephp/src/Controller/Controller.php(440): App\Controller\PagesController->display('index')
#1 /home/user/CS130/current/lamp/cakephp/app/vendor/cakephp/cakephp/src/Http/ActionDispatcher.php(119): Cake\Controller\Controller->invokeAction()
#2 /home/user/CS130/current/lamp/cakephp/app/vendor/cakephp/cakephp/src/Http/ActionDispatcher.php(93): Cake\Http\ActionDispatcher->_invoke(Object(App\Controller\PagesController))
#3 /home/user/CS130/current/lamp/cakephp/app/vendor/cakephp/cakephp/src/Http/BaseApplication.php(78): Cake\Http\ActionDispatcher->dispatch(Object(Cake\Http\ServerRequest), Object(Cake\Http\Response))
#4 /home/user/CS130/current/lamp/cakephp/app/vendor/cakephp/cakephp/src/Http/Runner.php(65): Cake\Http\BaseApplication->__invoke(Object(Cake\Http\ServerRequest), Object(Cake\Http\Response), Object(Cake\Http\Runner))
#5 /home/user/CS130/current/lamp/cakephp/app/vendor/cakephp/cakephp/src/Routing/Middleware/RoutingMiddleware.php(59): Cake\Http\Runner->__invoke(Object(Cake\Http\ServerRequest), Object(Cake\Http\Response))
#6 /home/user/CS130/current/lamp/cakephp/app/vendor/cakephp/cakephp/src/Http/Runner.php(65): Cake\Routing\Middleware\RoutingMiddleware->__invoke(Object(Cake\Http\ServerRequest), Object(Cake\Http\Response), Object(Cake\Http\Runner))
#7 /home/user/CS130/current/lamp/cakephp/app/vendor/cakephp/cakephp/src/Routing/Middleware/AssetMiddleware.php(88): Cake\Http\Runner->__invoke(Object(Cake\Http\ServerRequest), Object(Cake\Http\Response))
#8 /home/user/CS130/current/lamp/cakephp/app/vendor/cakephp/cakephp/src/Http/Runner.php(65): Cake\Routing\Middleware\AssetMiddleware->__invoke(Object(Cake\Http\ServerRequest), Object(Cake\Http\Response), Object(Cake\Http\Runner))
#9 /home/user/CS130/current/lamp/cakephp/app/vendor/cakephp/cakephp/src/Error/Middleware/ErrorHandlerMiddleware.php(92): Cake\Http\Runner->__invoke(Object(Cake\Http\ServerRequest), Object(Cake\Http\Response))
#10 /home/user/CS130/current/lamp/cakephp/app/vendor/cakephp/cakephp/src/Http/Runner.php(65): Cake\Error\Middleware\ErrorHandlerMiddleware->__invoke(Object(Cake\Http\ServerRequest), Object(Cake\Http\Response), Object(Cake\Http\Runner))
#11 /home/user/CS130/current/lamp/cakephp/app/vendor/cakephp/cakephp/src/Http/Runner.php(51): Cake\Http\Runner->__invoke(Object(Cake\Http\ServerRequest), Object(Cake\Http\Response))
#12 /home/user/CS130/current/lamp/cakephp/app/vendor/cakephp/cakephp/src/Http/Server.php(80): Cake\Http\Runner->run(Object(Cake\Http\MiddlewareQueue), Object(Cake\Http\ServerRequest), Object(Cake\Http\Response))
#13 /home/user/CS130/current/lamp/cakephp/app/webroot/index.php(37): Cake\Http\Server->run()
#14 {main}


2017-05-05 20:11:44 Warning: DebugKit not enabled. You need to either install pdo_sqlite, or define the "debug_kit" connection name.
2017-05-05 20:11:45 Error: [Error] Call to a member function layout() on boolean in /home/user/CS130/current/lamp/cakephp/app/src/Controller/PagesController.php on line 32
Request URL: /
Client IP: 10.0.2.2
Stack Trace:
#0 /home/user/CS130/current/lamp/cakephp/app/vendor/cakephp/cakephp/src/Controller/Controller.php(440): App\Controller\PagesController->display('index')
#1 /home/user/CS130/current/lamp/cakephp/app/vendor/cakephp/cakephp/src/Http/ActionDispatcher.php(119): Cake\Controller\Controller->invokeAction()
#2 /home/user/CS130/current/lamp/cakephp/app/vendor/cakephp/cakephp/src/Http/ActionDispatcher.php(93): Cake\Http\ActionDispatcher->_invoke(Object(App\Controller\PagesController))
#3 /home/user/CS130/current/lamp/cakephp/app/vendor/cakephp/cakephp/src/Http/BaseApplication.php(78): Cake\Http\ActionDispatcher->dispatch(Object(Cake\Http\ServerRequest), Object(Cake\Http\Response))
#4 /home/user/CS130/current/lamp/cakephp/app/vendor/cakephp/cakephp/src/Http/Runner.php(65): Cake\Http\BaseApplication->__invoke(Object(Cake\Http\ServerRequest), Object(Cake\Http\Response), Object(Cake\Http\Runner))
#5 /home/user/CS130/current/lamp/cakephp/app/vendor/cakephp/cakephp/src/Routing/Middleware/RoutingMiddleware.php(59): Cake\Http\Runner->__invoke(Object(Cake\Http\ServerRequest), Object(Cake\Http\Response))
#6 /home/user/CS130/current/lamp/cakephp/app/vendor/cakephp/cakephp/src/Http/Runner.php(65): Cake\Routing\Middleware\RoutingMiddleware->__invoke(Object(Cake\Http\ServerRequest), Object(Cake\Http\Response), Object(Cake\Http\Runner))
#7 /home/user/CS130/current/lamp/cakephp/app/vendor/cakephp/cakephp/src/Routing/Middleware/AssetMiddleware.php(88): Cake\Http\Runner->__invoke(Object(Cake\Http\ServerRequest), Object(Cake\Http\Response))
#8 /home/user/CS130/current/lamp/cakephp/app/vendor/cakephp/cakephp/src/Http/Runner.php(65): Cake\Routing\Middleware\AssetMiddleware->__invoke(Object(Cake\Http\ServerRequest), Object(Cake\Http\Response), Object(Cake\Http\Runner))
#9 /home/user/CS130/current/lamp/cakephp/app/vendor/cakephp/cakephp/src/Error/Middleware/ErrorHandlerMiddleware.php(92): Cake\Http\Runner->__invoke(Object(Cake\Http\ServerRequest), Object(Cake\Http\Response))
#10 /home/user/CS130/current/lamp/cakephp/app/vendor/cakephp/cakephp/src/Http/Runner.php(65): Cake\Error\Middleware\ErrorHandlerMiddleware->__invoke(Object(Cake\Http\ServerRequest), Object(Cake\Http\Response), Object(Cake\Http\Runner))
#11 /home/user/CS130/current/lamp/cakephp/app/vendor/cakephp/cakephp/src/Http/Runner.php(51): Cake\Http\Runner->__invoke(Object(Cake\Http\ServerRequest), Object(Cake\Http\Response))
#12 /home/user/CS130/current/lamp/cakephp/app/vendor/cakephp/cakephp/src/Http/Server.php(80): Cake\Http\Runner->run(Object(Cake\Http\MiddlewareQueue), Object(Cake\Http\ServerRequest), Object(Cake\Http\Response))
#13 /home/user/CS130/current/lamp/cakephp/app/webroot/index.php(37): Cake\Http\Server->run()
#14 {main}


2017-05-05 20:12:02 Warning: DebugKit not enabled. You need to either install pdo_sqlite, or define the "debug_kit" connection name.
2017-05-05 20:12:02 Error: [Cake\View\Exception\MissingTemplateException] Template file "Pages/array.ctp" is missing.
Exception Attributes: array (
  'file' => 'Pages/array.ctp',
)
Request URL: /
Stack Trace:
#0 /home/user/CS130/current/lamp/cakephp/app/vendor/cakephp/cakephp/src/View/View.php(592): Cake\View\View->_getViewFileName('Pages/array')
#1 /home/user/CS130/current/lamp/cakephp/app/vendor/cakephp/cakephp/src/Controller/Controller.php(623): Cake\View\View->render('Array', NULL)
#2 /home/user/CS130/current/lamp/cakephp/app/src/Controller/AppController.php(100): Cake\Controller\Controller->render('Array')
#3 /home/user/CS130/current/lamp/cakephp/app/src/Controller/PagesController.php(33): App\Controller\AppController->display(Array)
#4 /home/user/CS130/current/lamp/cakephp/app/vendor/cakephp/cakephp/src/Controller/Controller.php(440): App\Controller\PagesController->display('index')
#5 /home/user/CS130/current/lamp/cakephp/app/vendor/cakephp/cakephp/src/Http/ActionDispatcher.php(119): Cake\Controller\Controller->invokeAction()
#6 /home/user/CS130/current/lamp/cakephp/app/vendor/cakephp/cakephp/src/Http/ActionDispatcher.php(93): Cake\Http\ActionDispatcher->_invoke(Object(App\Controller\PagesController))
#7 /home/user/CS130/current/lamp/cakephp/app/vendor/cakephp/cakephp/src/Http/BaseApplication.php(78): Cake\Http\ActionDispatcher->dispatch(Object(Cake\Http\ServerRequest), Object(Cake\Http\Response))
#8 /home/user/CS130/current/lamp/cakephp/app/vendor/cakephp/cakephp/src/Http/Runner.php(65): Cake\Http\BaseApplication->__invoke(Object(Cake\Http\ServerRequest), Object(Cake\Http\Response), Object(Cake\Http\Runner))
#9 /home/user/CS130/current/lamp/cakephp/app/vendor/cakephp/cakephp/src/Routing/Middleware/RoutingMiddleware.php(59): Cake\Http\Runner->__invoke(Object(Cake\Http\ServerRequest), Object(Cake\Http\Response))
#10 /home/user/CS130/current/lamp/cakephp/app/vendor/cakephp/cakephp/src/Http/Runner.php(65): Cake\Routing\Middleware\RoutingMiddleware->__invoke(Object(Cake\Http\ServerRequest), Object(Cake\Http\Response), Object(Cake\Http\Runner))
#11 /home/user/CS130/current/lamp/cakephp/app/vendor/cakephp/cakephp/src/Routing/Middleware/AssetMiddleware.php(88): Cake\Http\Runner->__invoke(Object(Cake\Http\ServerRequest), Object(Cake\Http\Response))
#12 /home/user/CS130/current/lamp/cakephp/app/vendor/cakephp/cakephp/src/Http/Runner.php(65): Cake\Routing\Middleware\AssetMiddleware->__invoke(Object(Cake\Http\ServerRequest), Object(Cake\Http\Response), Object(Cake\Http\Runner))
#13 /home/user/CS130/current/lamp/cakephp/app/vendor/cakephp/cakephp/src/Error/Middleware/ErrorHandlerMiddleware.php(92): Cake\Http\Runner->__invoke(Object(Cake\Http\ServerRequest), Object(Cake\Http\Response))
#14 /home/user/CS130/current/lamp/cakephp/app/vendor/cakephp/cakephp/src/Http/Runner.php(65): Cake\Error\Middleware\ErrorHandlerMiddleware->__invoke(Object(Cake\Http\ServerRequest), Object(Cake\Http\Response), Object(Cake\Http\Runner))
#15 /home/user/CS130/current/lamp/cakephp/app/vendor/cakephp/cakephp/src/Http/Runner.php(51): Cake\Http\Runner->__invoke(Object(Cake\Http\ServerRequest), Object(Cake\Http\Response))
#16 /home/user/CS130/current/lamp/cakephp/app/vendor/cakephp/cakephp/src/Http/Server.php(80): Cake\Http\Runner->run(Object(Cake\Http\MiddlewareQueue), Object(Cake\Http\ServerRequest), Object(Cake\Http\Response))
#17 /home/user/CS130/current/lamp/cakephp/app/webroot/index.php(37): Cake\Http\Server->run()
#18 {main}


2017-05-05 20:12:58 Warning: DebugKit not enabled. You need to either install pdo_sqlite, or define the "debug_kit" connection name.
2017-05-05 20:12:58 Error: [Cake\View\Exception\MissingElementException] Element file "Element/sql_dump.ctp" is missing.
Exception Attributes: array (
  0 => 'Element/sql_dump.ctp',
)
Request URL: /
Stack Trace:
#0 /home/user/CS130/current/lamp/cakephp/app/src/Template/Layout/p3.ctp(64): Cake\View\View->element('sql_dump')
#1 /home/user/CS130/current/lamp/cakephp/app/vendor/cakephp/cakephp/src/View/View.php(1011): include('/home/user/CS13...')
#2 /home/user/CS130/current/lamp/cakephp/app/vendor/cakephp/cakephp/src/View/View.php(972): Cake\View\View->_evaluate('/home/user/CS13...', Array)
#3 /home/user/CS130/current/lamp/cakephp/app/vendor/cakephp/cakephp/src/View/View.php(643): Cake\View\View->_render('/home/user/CS13...')
#4 /home/user/CS130/current/lamp/cakephp/app/vendor/cakephp/cakephp/src/View/View.php(601): Cake\View\View->renderLayout('', 'p3')
#5 /home/user/CS130/current/lamp/cakephp/app/vendor/cakephp/cakephp/src/Controller/Controller.php(623): Cake\View\View->render('index', NULL)
#6 /home/user/CS130/current/lamp/cakephp/app/src/Controller/AppController.php(100): Cake\Controller\Controller->render('index')
#7 /home/user/CS130/current/lamp/cakephp/app/src/Controller/PagesController.php(33): App\Controller\AppController->display('index')
#8 /home/user/CS130/current/lamp/cakephp/app/vendor/cakephp/cakephp/src/Controller/Controller.php(440): App\Controller\PagesController->display('index')
#9 /home/user/CS130/current/lamp/cakephp/app/vendor/cakephp/cakephp/src/Http/ActionDispatcher.php(119): Cake\Controller\Controller->invokeAction()
#10 /home/user/CS130/current/lamp/cakephp/app/vendor/cakephp/cakephp/src/Http/ActionDispatcher.php(93): Cake\Http\ActionDispatcher->_invoke(Object(App\Controller\PagesController))
#11 /home/user/CS130/current/lamp/cakephp/app/vendor/cakephp/cakephp/src/Http/BaseApplication.php(78): Cake\Http\ActionDispatcher->dispatch(Object(Cake\Http\ServerRequest), Object(Cake\Http\Response))
#12 /home/user/CS130/current/lamp/cakephp/app/vendor/cakephp/cakephp/src/Http/Runner.php(65): Cake\Http\BaseApplication->__invoke(Object(Cake\Http\ServerRequest), Object(Cake\Http\Response), Object(Cake\Http\Runner))
#13 /home/user/CS130/current/lamp/cakephp/app/vendor/cakephp/cakephp/src/Routing/Middleware/RoutingMiddleware.php(59): Cake\Http\Runner->__invoke(Object(Cake\Http\ServerRequest), Object(Cake\Http\Response))
#14 /home/user/CS130/current/lamp/cakephp/app/vendor/cakephp/cakephp/src/Http/Runner.php(65): Cake\Routing\Middleware\RoutingMiddleware->__invoke(Object(Cake\Http\ServerRequest), Object(Cake\Http\Response), Object(Cake\Http\Runner))
#15 /home/user/CS130/current/lamp/cakephp/app/vendor/cakephp/cakephp/src/Routing/Middleware/AssetMiddleware.php(88): Cake\Http\Runner->__invoke(Object(Cake\Http\ServerRequest), Object(Cake\Http\Response))
#16 /home/user/CS130/current/lamp/cakephp/app/vendor/cakephp/cakephp/src/Http/Runner.php(65): Cake\Routing\Middleware\AssetMiddleware->__invoke(Object(Cake\Http\ServerRequest), Object(Cake\Http\Response), Object(Cake\Http\Runner))
#17 /home/user/CS130/current/lamp/cakephp/app/vendor/cakephp/cakephp/src/Error/Middleware/ErrorHandlerMiddleware.php(92): Cake\Http\Runner->__invoke(Object(Cake\Http\ServerRequest), Object(Cake\Http\Response))
#18 /home/user/CS130/current/lamp/cakephp/app/vendor/cakephp/cakephp/src/Http/Runner.php(65): Cake\Error\Middleware\ErrorHandlerMiddleware->__invoke(Object(Cake\Http\ServerRequest), Object(Cake\Http\Response), Object(Cake\Http\Runner))
#19 /home/user/CS130/current/lamp/cakephp/app/vendor/cakephp/cakephp/src/Http/Runner.php(51): Cake\Http\Runner->__invoke(Object(Cake\Http\ServerRequest), Object(Cake\Http\Response))
#20 /home/user/CS130/current/lamp/cakephp/app/vendor/cakephp/cakephp/src/Http/Server.php(80): Cake\Http\Runner->run(Object(Cake\Http\MiddlewareQueue), Object(Cake\Http\ServerRequest), Object(Cake\Http\Response))
#21 /home/user/CS130/current/lamp/cakephp/app/webroot/index.php(37): Cake\Http\Server->run()
#22 {main}


2017-05-05 20:17:36 Warning: DebugKit not enabled. You need to either install pdo_sqlite, or define the "debug_kit" connection name.
2017-05-05 20:18:32 Warning: DebugKit not enabled. You need to either install pdo_sqlite, or define the "debug_kit" connection name.
2017-05-05 20:19:48 Warning: DebugKit not enabled. You need to either install pdo_sqlite, or define the "debug_kit" connection name.
2017-05-05 20:19:55 Warning: DebugKit not enabled. You need to either install pdo_sqlite, or define the "debug_kit" connection name.
2017-05-05 20:19:57 Warning: DebugKit not enabled. You need to either install pdo_sqlite, or define the "debug_kit" connection name.
2017-05-05 20:19:58 Warning: DebugKit not enabled. You need to either install pdo_sqlite, or define the "debug_kit" connection name.
2017-05-05 20:19:58 Error: [Cake\View\Exception\MissingElementException] Element file "Element/major_group.ctp" is missing.
Exception Attributes: array (
  0 => 'Element/major_group.ctp',
)
Request URL: /browse
Referer URL: http://23.243.209.238:9080/cake/index
Stack Trace:
#0 /home/user/CS130/current/lamp/cakephp/app/src/Template/Pages/browse.ctp(25): Cake\View\View->element('major_group')
#1 /home/user/CS130/current/lamp/cakephp/app/vendor/cakephp/cakephp/src/View/View.php(1011): include('/home/user/CS13...')
#2 /home/user/CS130/current/lamp/cakephp/app/vendor/cakephp/cakephp/src/View/View.php(972): Cake\View\View->_evaluate('/home/user/CS13...', Array)
#3 /home/user/CS130/current/lamp/cakephp/app/vendor/cakephp/cakephp/src/View/View.php(596): Cake\View\View->_render('/home/user/CS13...')
#4 /home/user/CS130/current/lamp/cakephp/app/vendor/cakephp/cakephp/src/Controller/Controller.php(623): Cake\View\View->render('browse', NULL)
#5 /home/user/CS130/current/lamp/cakephp/app/src/Controller/AppController.php(100): Cake\Controller\Controller->render('browse')
#6 /home/user/CS130/current/lamp/cakephp/app/src/Controller/PagesController.php(33): App\Controller\AppController->display('browse')
#7 /home/user/CS130/current/lamp/cakephp/app/vendor/cakephp/cakephp/src/Controller/Controller.php(440): App\Controller\PagesController->display('browse')
#8 /home/user/CS130/current/lamp/cakephp/app/vendor/cakephp/cakephp/src/Http/ActionDispatcher.php(119): Cake\Controller\Controller->invokeAction()
#9 /home/user/CS130/current/lamp/cakephp/app/vendor/cakephp/cakephp/src/Http/ActionDispatcher.php(93): Cake\Http\ActionDispatcher->_invoke(Object(App\Controller\PagesController))
#10 /home/user/CS130/current/lamp/cakephp/app/vendor/cakephp/cakephp/src/Http/BaseApplication.php(78): Cake\Http\ActionDispatcher->dispatch(Object(Cake\Http\ServerRequest), Object(Cake\Http\Response))
#11 /home/user/CS130/current/lamp/cakephp/app/vendor/cakephp/cakephp/src/Http/Runner.php(65): Cake\Http\BaseApplication->__invoke(Object(Cake\Http\ServerRequest), Object(Cake\Http\Response), Object(Cake\Http\Runner))
#12 /home/user/CS130/current/lamp/cakephp/app/vendor/cakephp/cakephp/src/Routing/Middleware/RoutingMiddleware.php(59): Cake\Http\Runner->__invoke(Object(Cake\Http\ServerRequest), Object(Cake\Http\Response))
#13 /home/user/CS130/current/lamp/cakephp/app/vendor/cakephp/cakephp/src/Http/Runner.php(65): Cake\Routing\Middleware\RoutingMiddleware->__invoke(Object(Cake\Http\ServerRequest), Object(Cake\Http\Response), Object(Cake\Http\Runner))
#14 /home/user/CS130/current/lamp/cakephp/app/vendor/cakephp/cakephp/src/Routing/Middleware/AssetMiddleware.php(88): Cake\Http\Runner->__invoke(Object(Cake\Http\ServerRequest), Object(Cake\Http\Response))
#15 /home/user/CS130/current/lamp/cakephp/app/vendor/cakephp/cakephp/src/Http/Runner.php(65): Cake\Routing\Middleware\AssetMiddleware->__invoke(Object(Cake\Http\ServerRequest), Object(Cake\Http\Response), Object(Cake\Http\Runner))
#16 /home/user/CS130/current/lamp/cakephp/app/vendor/cakephp/cakephp/src/Error/Middleware/ErrorHandlerMiddleware.php(92): Cake\Http\Runner->__invoke(Object(Cake\Http\ServerRequest), Object(Cake\Http\Response))
#17 /home/user/CS130/current/lamp/cakephp/app/vendor/cakephp/cakephp/src/Http/Runner.php(65): Cake\Error\Middleware\ErrorHandlerMiddleware->__invoke(Object(Cake\Http\ServerRequest), Object(Cake\Http\Response), Object(Cake\Http\Runner))
#18 /home/user/CS130/current/lamp/cakephp/app/vendor/cakephp/cakephp/src/Http/Runner.php(51): Cake\Http\Runner->__invoke(Object(Cake\Http\ServerRequest), Object(Cake\Http\Response))
#19 /home/user/CS130/current/lamp/cakephp/app/vendor/cakephp/cakephp/src/Http/Server.php(80): Cake\Http\Runner->run(Object(Cake\Http\MiddlewareQueue), Object(Cake\Http\ServerRequest), Object(Cake\Http\Response))
#20 /home/user/CS130/current/lamp/cakephp/app/webroot/index.php(37): Cake\Http\Server->run()
#21 {main}


2017-05-05 20:20:31 Warning: DebugKit not enabled. You need to either install pdo_sqlite, or define the "debug_kit" connection name.
2017-05-05 20:20:37 Warning: DebugKit not enabled. You need to either install pdo_sqlite, or define the "debug_kit" connection name.
2017-05-05 20:20:38 Error: [Cake\Controller\Exception\MissingActionException] Action CareerController::displayCareer() could not be found, or is not accessible.
Exception Attributes: array (
  'controller' => 'CareerController',
  'action' => 'displayCareer',
  'prefix' => '',
  'plugin' => false,
)
Request URL: /career/13-2031/video
Referer URL: http://23.243.209.238:9080/cake/browse
Stack Trace:
#0 /home/user/CS130/current/lamp/cakephp/app/vendor/cakephp/cakephp/src/Http/ActionDispatcher.php(119): Cake\Controller\Controller->invokeAction()
#1 /home/user/CS130/current/lamp/cakephp/app/vendor/cakephp/cakephp/src/Http/ActionDispatcher.php(93): Cake\Http\ActionDispatcher->_invoke(Object(App\Controller\CareerController))
#2 /home/user/CS130/current/lamp/cakephp/app/vendor/cakephp/cakephp/src/Http/BaseApplication.php(78): Cake\Http\ActionDispatcher->dispatch(Object(Cake\Http\ServerRequest), Object(Cake\Http\Response))
#3 /home/user/CS130/current/lamp/cakephp/app/vendor/cakephp/cakephp/src/Http/Runner.php(65): Cake\Http\BaseApplication->__invoke(Object(Cake\Http\ServerRequest), Object(Cake\Http\Response), Object(Cake\Http\Runner))
#4 /home/user/CS130/current/lamp/cakephp/app/vendor/cakephp/cakephp/src/Routing/Middleware/RoutingMiddleware.php(59): Cake\Http\Runner->__invoke(Object(Cake\Http\ServerRequest), Object(Cake\Http\Response))
#5 /home/user/CS130/current/lamp/cakephp/app/vendor/cakephp/cakephp/src/Http/Runner.php(65): Cake\Routing\Middleware\RoutingMiddleware->__invoke(Object(Cake\Http\ServerRequest), Object(Cake\Http\Response), Object(Cake\Http\Runner))
#6 /home/user/CS130/current/lamp/cakephp/app/vendor/cakephp/cakephp/src/Routing/Middleware/AssetMiddleware.php(88): Cake\Http\Runner->__invoke(Object(Cake\Http\ServerRequest), Object(Cake\Http\Response))
#7 /home/user/CS130/current/lamp/cakephp/app/vendor/cakephp/cakephp/src/Http/Runner.php(65): Cake\Routing\Middleware\AssetMiddleware->__invoke(Object(Cake\Http\ServerRequest), Object(Cake\Http\Response), Object(Cake\Http\Runner))
#8 /home/user/CS130/current/lamp/cakephp/app/vendor/cakephp/cakephp/src/Error/Middleware/ErrorHandlerMiddleware.php(92): Cake\Http\Runner->__invoke(Object(Cake\Http\ServerRequest), Object(Cake\Http\Response))
#9 /home/user/CS130/current/lamp/cakephp/app/vendor/cakephp/cakephp/src/Http/Runner.php(65): Cake\Error\Middleware\ErrorHandlerMiddleware->__invoke(Object(Cake\Http\ServerRequest), Object(Cake\Http\Response), Object(Cake\Http\Runner))
#10 /home/user/CS130/current/lamp/cakephp/app/vendor/cakephp/cakephp/src/Http/Runner.php(51): Cake\Http\Runner->__invoke(Object(Cake\Http\ServerRequest), Object(Cake\Http\Response))
#11 /home/user/CS130/current/lamp/cakephp/app/vendor/cakephp/cakephp/src/Http/Server.php(80): Cake\Http\Runner->run(Object(Cake\Http\MiddlewareQueue), Object(Cake\Http\ServerRequest), Object(Cake\Http\Response))
#12 /home/user/CS130/current/lamp/cakephp/app/webroot/index.php(37): Cake\Http\Server->run()
#13 {main}


2017-05-05 20:20:43 Warning: DebugKit not enabled. You need to either install pdo_sqlite, or define the "debug_kit" connection name.
2017-05-05 20:20:43 Error: [Cake\Controller\Exception\MissingActionException] Action CareerController::random() could not be found, or is not accessible.
Exception Attributes: array (
  'controller' => 'CareerController',
  'action' => 'random',
  'prefix' => '',
  'plugin' => false,
)
Request URL: /career/random
Referer URL: http://23.243.209.238:9080/cake/browse
Stack Trace:
#0 /home/user/CS130/current/lamp/cakephp/app/vendor/cakephp/cakephp/src/Http/ActionDispatcher.php(119): Cake\Controller\Controller->invokeAction()
#1 /home/user/CS130/current/lamp/cakephp/app/vendor/cakephp/cakephp/src/Http/ActionDispatcher.php(93): Cake\Http\ActionDispatcher->_invoke(Object(App\Controller\CareerController))
#2 /home/user/CS130/current/lamp/cakephp/app/vendor/cakephp/cakephp/src/Http/BaseApplication.php(78): Cake\Http\ActionDispatcher->dispatch(Object(Cake\Http\ServerRequest), Object(Cake\Http\Response))
#3 /home/user/CS130/current/lamp/cakephp/app/vendor/cakephp/cakephp/src/Http/Runner.php(65): Cake\Http\BaseApplication->__invoke(Object(Cake\Http\ServerRequest), Object(Cake\Http\Response), Object(Cake\Http\Runner))
#4 /home/user/CS130/current/lamp/cakephp/app/vendor/cakephp/cakephp/src/Routing/Middleware/RoutingMiddleware.php(59): Cake\Http\Runner->__invoke(Object(Cake\Http\ServerRequest), Object(Cake\Http\Response))
#5 /home/user/CS130/current/lamp/cakephp/app/vendor/cakephp/cakephp/src/Http/Runner.php(65): Cake\Routing\Middleware\RoutingMiddleware->__invoke(Object(Cake\Http\ServerRequest), Object(Cake\Http\Response), Object(Cake\Http\Runner))
#6 /home/user/CS130/current/lamp/cakephp/app/vendor/cakephp/cakephp/src/Routing/Middleware/AssetMiddleware.php(88): Cake\Http\Runner->__invoke(Object(Cake\Http\ServerRequest), Object(Cake\Http\Response))
#7 /home/user/CS130/current/lamp/cakephp/app/vendor/cakephp/cakephp/src/Http/Runner.php(65): Cake\Routing\Middleware\AssetMiddleware->__invoke(Object(Cake\Http\ServerRequest), Object(Cake\Http\Response), Object(Cake\Http\Runner))
#8 /home/user/CS130/current/lamp/cakephp/app/vendor/cakephp/cakephp/src/Error/Middleware/ErrorHandlerMiddleware.php(92): Cake\Http\Runner->__invoke(Object(Cake\Http\ServerRequest), Object(Cake\Http\Response))
#9 /home/user/CS130/current/lamp/cakephp/app/vendor/cakephp/cakephp/src/Http/Runner.php(65): Cake\Error\Middleware\ErrorHandlerMiddleware->__invoke(Object(Cake\Http\ServerRequest), Object(Cake\Http\Response), Object(Cake\Http\Runner))
#10 /home/user/CS130/current/lamp/cakephp/app/vendor/cakephp/cakephp/src/Http/Runner.php(51): Cake\Http\Runner->__invoke(Object(Cake\Http\ServerRequest), Object(Cake\Http\Response))
#11 /home/user/CS130/current/lamp/cakephp/app/vendor/cakephp/cakephp/src/Http/Server.php(80): Cake\Http\Runner->run(Object(Cake\Http\MiddlewareQueue), Object(Cake\Http\ServerRequest), Object(Cake\Http\Response))
#12 /home/user/CS130/current/lamp/cakephp/app/webroot/index.php(37): Cake\Http\Server->run()
#13 {main}


2017-05-05 20:20:50 Warning: DebugKit not enabled. You need to either install pdo_sqlite, or define the "debug_kit" connection name.
2017-05-05 20:20:50 Error: [Cake\Controller\Exception\MissingActionException] Action CareerController::random() could not be found, or is not accessible.
Exception Attributes: array (
  'controller' => 'CareerController',
  'action' => 'random',
  'prefix' => '',
  'plugin' => false,
)
Request URL: /career/random?x=-0.4185040509259259&y=0.4854248472949389
Referer URL: http://23.243.209.238:9080/cake/browse
Stack Trace:
#0 /home/user/CS130/current/lamp/cakephp/app/vendor/cakephp/cakephp/src/Http/ActionDispatcher.php(119): Cake\Controller\Controller->invokeAction()
#1 /home/user/CS130/current/lamp/cakephp/app/vendor/cakephp/cakephp/src/Http/ActionDispatcher.php(93): Cake\Http\ActionDispatcher->_invoke(Object(App\Controller\CareerController))
#2 /home/user/CS130/current/lamp/cakephp/app/vendor/cakephp/cakephp/src/Http/BaseApplication.php(78): Cake\Http\ActionDispatcher->dispatch(Object(Cake\Http\ServerRequest), Object(Cake\Http\Response))
#3 /home/user/CS130/current/lamp/cakephp/app/vendor/cakephp/cakephp/src/Http/Runner.php(65): Cake\Http\BaseApplication->__invoke(Object(Cake\Http\ServerRequest), Object(Cake\Http\Response), Object(Cake\Http\Runner))
#4 /home/user/CS130/current/lamp/cakephp/app/vendor/cakephp/cakephp/src/Routing/Middleware/RoutingMiddleware.php(59): Cake\Http\Runner->__invoke(Object(Cake\Http\ServerRequest), Object(Cake\Http\Response))
#5 /home/user/CS130/current/lamp/cakephp/app/vendor/cakephp/cakephp/src/Http/Runner.php(65): Cake\Routing\Middleware\RoutingMiddleware->__invoke(Object(Cake\Http\ServerRequest), Object(Cake\Http\Response), Object(Cake\Http\Runner))
#6 /home/user/CS130/current/lamp/cakephp/app/vendor/cakephp/cakephp/src/Routing/Middleware/AssetMiddleware.php(88): Cake\Http\Runner->__invoke(Object(Cake\Http\ServerRequest), Object(Cake\Http\Response))
#7 /home/user/CS130/current/lamp/cakephp/app/vendor/cakephp/cakephp/src/Http/Runner.php(65): Cake\Routing\Middleware\AssetMiddleware->__invoke(Object(Cake\Http\ServerRequest), Object(Cake\Http\Response), Object(Cake\Http\Runner))
#8 /home/user/CS130/current/lamp/cakephp/app/vendor/cakephp/cakephp/src/Error/Middleware/ErrorHandlerMiddleware.php(92): Cake\Http\Runner->__invoke(Object(Cake\Http\ServerRequest), Object(Cake\Http\Response))
#9 /home/user/CS130/current/lamp/cakephp/app/vendor/cakephp/cakephp/src/Http/Runner.php(65): Cake\Error\Middleware\ErrorHandlerMiddleware->__invoke(Object(Cake\Http\ServerRequest), Object(Cake\Http\Response), Object(Cake\Http\Runner))
#10 /home/user/CS130/current/lamp/cakephp/app/vendor/cakephp/cakephp/src/Http/Runner.php(51): Cake\Http\Runner->__invoke(Object(Cake\Http\ServerRequest), Object(Cake\Http\Response))
#11 /home/user/CS130/current/lamp/cakephp/app/vendor/cakephp/cakephp/src/Http/Server.php(80): Cake\Http\Runner->run(Object(Cake\Http\MiddlewareQueue), Object(Cake\Http\ServerRequest), Object(Cake\Http\Response))
#12 /home/user/CS130/current/lamp/cakephp/app/webroot/index.php(37): Cake\Http\Server->run()
#13 {main}


2017-05-05 20:22:02 Warning: DebugKit not enabled. You need to either install pdo_sqlite, or define the "debug_kit" connection name.
2017-05-05 20:22:02 Error: [Cake\View\Exception\MissingTemplateException] Template file "Career/video.ctp" is missing.
Exception Attributes: array (
  'file' => 'Career/video.ctp',
)
Request URL: /career/15-2031/video
Referer URL: http://23.243.209.238:9080/cake/browse
Stack Trace:
#0 /home/user/CS130/current/lamp/cakephp/app/vendor/cakephp/cakephp/src/View/View.php(592): Cake\View\View->_getViewFileName('Career/video')
#1 /home/user/CS130/current/lamp/cakephp/app/vendor/cakephp/cakephp/src/Controller/Controller.php(623): Cake\View\View->render('video', NULL)
#2 /home/user/CS130/current/lamp/cakephp/app/src/Controller/AppController.php(100): Cake\Controller\Controller->render('video')
#3 /home/user/CS130/current/lamp/cakephp/app/src/Controller/CareerController.php(46): App\Controller\AppController->display('video')
#4 /home/user/CS130/current/lamp/cakephp/app/vendor/cakephp/cakephp/src/Controller/Controller.php(440): App\Controller\CareerController->displayCareer('15-2031', 'video')
#5 /home/user/CS130/current/lamp/cakephp/app/vendor/cakephp/cakephp/src/Http/ActionDispatcher.php(119): Cake\Controller\Controller->invokeAction()
#6 /home/user/CS130/current/lamp/cakephp/app/vendor/cakephp/cakephp/src/Http/ActionDispatcher.php(93): Cake\Http\ActionDispatcher->_invoke(Object(App\Controller\CareerController))
#7 /home/user/CS130/current/lamp/cakephp/app/vendor/cakephp/cakephp/src/Http/BaseApplication.php(78): Cake\Http\ActionDispatcher->dispatch(Object(Cake\Http\ServerRequest), Object(Cake\Http\Response))
#8 /home/user/CS130/current/lamp/cakephp/app/vendor/cakephp/cakephp/src/Http/Runner.php(65): Cake\Http\BaseApplication->__invoke(Object(Cake\Http\ServerRequest), Object(Cake\Http\Response), Object(Cake\Http\Runner))
#9 /home/user/CS130/current/lamp/cakephp/app/vendor/cakephp/cakephp/src/Routing/Middleware/RoutingMiddleware.php(59): Cake\Http\Runner->__invoke(Object(Cake\Http\ServerRequest), Object(Cake\Http\Response))
#10 /home/user/CS130/current/lamp/cakephp/app/vendor/cakephp/cakephp/src/Http/Runner.php(65): Cake\Routing\Middleware\RoutingMiddleware->__invoke(Object(Cake\Http\ServerRequest), Object(Cake\Http\Response), Object(Cake\Http\Runner))
#11 /home/user/CS130/current/lamp/cakephp/app/vendor/cakephp/cakephp/src/Routing/Middleware/AssetMiddleware.php(88): Cake\Http\Runner->__invoke(Object(Cake\Http\ServerRequest), Object(Cake\Http\Response))
#12 /home/user/CS130/current/lamp/cakephp/app/vendor/cakephp/cakephp/src/Http/Runner.php(65): Cake\Routing\Middleware\AssetMiddleware->__invoke(Object(Cake\Http\ServerRequest), Object(Cake\Http\Response), Object(Cake\Http\Runner))
#13 /home/user/CS130/current/lamp/cakephp/app/vendor/cakephp/cakephp/src/Error/Middleware/ErrorHandlerMiddleware.php(92): Cake\Http\Runner->__invoke(Object(Cake\Http\ServerRequest), Object(Cake\Http\Response))
#14 /home/user/CS130/current/lamp/cakephp/app/vendor/cakephp/cakephp/src/Http/Runner.php(65): Cake\Error\Middleware\ErrorHandlerMiddleware->__invoke(Object(Cake\Http\ServerRequest), Object(Cake\Http\Response), Object(Cake\Http\Runner))
#15 /home/user/CS130/current/lamp/cakephp/app/vendor/cakephp/cakephp/src/Http/Runner.php(51): Cake\Http\Runner->__invoke(Object(Cake\Http\ServerRequest), Object(Cake\Http\Response))
#16 /home/user/CS130/current/lamp/cakephp/app/vendor/cakephp/cakephp/src/Http/Server.php(80): Cake\Http\Runner->run(Object(Cake\Http\MiddlewareQueue), Object(Cake\Http\ServerRequest), Object(Cake\Http\Response))
#17 /home/user/CS130/current/lamp/cakephp/app/webroot/index.php(37): Cake\Http\Server->run()
#18 {main}


2017-05-05 20:22:11 Warning: DebugKit not enabled. You need to either install pdo_sqlite, or define the "debug_kit" connection name.
2017-05-05 20:22:11 Error: [Cake\View\Exception\MissingTemplateException] Template file "Career/video.ctp" is missing.
Exception Attributes: array (
  'file' => 'Career/video.ctp',
)
Request URL: /career/15-2031/video
Referer URL: http://23.243.209.238:9080/cake/browse
Stack Trace:
#0 /home/user/CS130/current/lamp/cakephp/app/vendor/cakephp/cakephp/src/View/View.php(592): Cake\View\View->_getViewFileName('Career/video')
#1 /home/user/CS130/current/lamp/cakephp/app/vendor/cakephp/cakephp/src/Controller/Controller.php(623): Cake\View\View->render('video', NULL)
#2 /home/user/CS130/current/lamp/cakephp/app/src/Controller/AppController.php(100): Cake\Controller\Controller->render('video')
#3 /home/user/CS130/current/lamp/cakephp/app/src/Controller/CareerController.php(46): App\Controller\AppController->display('video')
#4 /home/user/CS130/current/lamp/cakephp/app/vendor/cakephp/cakephp/src/Controller/Controller.php(440): App\Controller\CareerController->displayCareer('15-2031', 'video')
#5 /home/user/CS130/current/lamp/cakephp/app/vendor/cakephp/cakephp/src/Http/ActionDispatcher.php(119): Cake\Controller\Controller->invokeAction()
#6 /home/user/CS130/current/lamp/cakephp/app/vendor/cakephp/cakephp/src/Http/ActionDispatcher.php(93): Cake\Http\ActionDispatcher->_invoke(Object(App\Controller\CareerController))
#7 /home/user/CS130/current/lamp/cakephp/app/vendor/cakephp/cakephp/src/Http/BaseApplication.php(78): Cake\Http\ActionDispatcher->dispatch(Object(Cake\Http\ServerRequest), Object(Cake\Http\Response))
#8 /home/user/CS130/current/lamp/cakephp/app/vendor/cakephp/cakephp/src/Http/Runner.php(65): Cake\Http\BaseApplication->__invoke(Object(Cake\Http\ServerRequest), Object(Cake\Http\Response), Object(Cake\Http\Runner))
#9 /home/user/CS130/current/lamp/cakephp/app/vendor/cakephp/cakephp/src/Routing/Middleware/RoutingMiddleware.php(59): Cake\Http\Runner->__invoke(Object(Cake\Http\ServerRequest), Object(Cake\Http\Response))
#10 /home/user/CS130/current/lamp/cakephp/app/vendor/cakephp/cakephp/src/Http/Runner.php(65): Cake\Routing\Middleware\RoutingMiddleware->__invoke(Object(Cake\Http\ServerRequest), Object(Cake\Http\Response), Object(Cake\Http\Runner))
#11 /home/user/CS130/current/lamp/cakephp/app/vendor/cakephp/cakephp/src/Routing/Middleware/AssetMiddleware.php(88): Cake\Http\Runner->__invoke(Object(Cake\Http\ServerRequest), Object(Cake\Http\Response))
#12 /home/user/CS130/current/lamp/cakephp/app/vendor/cakephp/cakephp/src/Http/Runner.php(65): Cake\Routing\Middleware\AssetMiddleware->__invoke(Object(Cake\Http\ServerRequest), Object(Cake\Http\Response), Object(Cake\Http\Runner))
#13 /home/user/CS130/current/lamp/cakephp/app/vendor/cakephp/cakephp/src/Error/Middleware/ErrorHandlerMiddleware.php(92): Cake\Http\Runner->__invoke(Object(Cake\Http\ServerRequest), Object(Cake\Http\Response))
#14 /home/user/CS130/current/lamp/cakephp/app/vendor/cakephp/cakephp/src/Http/Runner.php(65): Cake\Error\Middleware\ErrorHandlerMiddleware->__invoke(Object(Cake\Http\ServerRequest), Object(Cake\Http\Response), Object(Cake\Http\Runner))
#15 /home/user/CS130/current/lamp/cakephp/app/vendor/cakephp/cakephp/src/Http/Runner.php(51): Cake\Http\Runner->__invoke(Object(Cake\Http\ServerRequest), Object(Cake\Http\Response))
#16 /home/user/CS130/current/lamp/cakephp/app/vendor/cakephp/cakephp/src/Http/Server.php(80): Cake\Http\Runner->run(Object(Cake\Http\MiddlewareQueue), Object(Cake\Http\ServerRequest), Object(Cake\Http\Response))
#17 /home/user/CS130/current/lamp/cakephp/app/webroot/index.php(37): Cake\Http\Server->run()
#18 {main}


2017-05-05 20:22:18 Warning: DebugKit not enabled. You need to either install pdo_sqlite, or define the "debug_kit" connection name.
2017-05-05 20:22:59 Warning: DebugKit not enabled. You need to either install pdo_sqlite, or define the "debug_kit" connection name.
2017-05-05 20:23:59 Warning: DebugKit not enabled. You need to either install pdo_sqlite, or define the "debug_kit" connection name.
2017-05-05 20:26:35 Warning: DebugKit not enabled. You need to either install pdo_sqlite, or define the "debug_kit" connection name.
2017-05-05 20:28:38 Warning: DebugKit not enabled. You need to either install pdo_sqlite, or define the "debug_kit" connection name.
2017-05-05 20:29:52 Warning: DebugKit not enabled. You need to either install pdo_sqlite, or define the "debug_kit" connection name.
2017-05-05 20:30:00 Warning: DebugKit not enabled. You need to either install pdo_sqlite, or define the "debug_kit" connection name.
2017-05-05 20:30:00 Error: [Cake\Controller\Exception\MissingActionException] Action CareerController::152031() could not be found, or is not accessible.
Exception Attributes: array (
  'controller' => 'CareerController',
  'action' => '152031',
  'prefix' => '',
  'plugin' => false,
)
Request URL: /career/15-2031/career/15-2031/world-of-work
Referer URL: http://23.243.209.238:9080/cake/career/15-2031/salary
Stack Trace:
#0 /home/user/CS130/current/lamp/cakephp/app/vendor/cakephp/cakephp/src/Http/ActionDispatcher.php(119): Cake\Controller\Controller->invokeAction()
#1 /home/user/CS130/current/lamp/cakephp/app/vendor/cakephp/cakephp/src/Http/ActionDispatcher.php(93): Cake\Http\ActionDispatcher->_invoke(Object(App\Controller\CareerController))
#2 /home/user/CS130/current/lamp/cakephp/app/vendor/cakephp/cakephp/src/Http/BaseApplication.php(78): Cake\Http\ActionDispatcher->dispatch(Object(Cake\Http\ServerRequest), Object(Cake\Http\Response))
#3 /home/user/CS130/current/lamp/cakephp/app/vendor/cakephp/cakephp/src/Http/Runner.php(65): Cake\Http\BaseApplication->__invoke(Object(Cake\Http\ServerRequest), Object(Cake\Http\Response), Object(Cake\Http\Runner))
#4 /home/user/CS130/current/lamp/cakephp/app/vendor/cakephp/cakephp/src/Routing/Middleware/RoutingMiddleware.php(59): Cake\Http\Runner->__invoke(Object(Cake\Http\ServerRequest), Object(Cake\Http\Response))
#5 /home/user/CS130/current/lamp/cakephp/app/vendor/cakephp/cakephp/src/Http/Runner.php(65): Cake\Routing\Middleware\RoutingMiddleware->__invoke(Object(Cake\Http\ServerRequest), Object(Cake\Http\Response), Object(Cake\Http\Runner))
#6 /home/user/CS130/current/lamp/cakephp/app/vendor/cakephp/cakephp/src/Routing/Middleware/AssetMiddleware.php(88): Cake\Http\Runner->__invoke(Object(Cake\Http\ServerRequest), Object(Cake\Http\Response))
#7 /home/user/CS130/current/lamp/cakephp/app/vendor/cakephp/cakephp/src/Http/Runner.php(65): Cake\Routing\Middleware\AssetMiddleware->__invoke(Object(Cake\Http\ServerRequest), Object(Cake\Http\Response), Object(Cake\Http\Runner))
#8 /home/user/CS130/current/lamp/cakephp/app/vendor/cakephp/cakephp/src/Error/Middleware/ErrorHandlerMiddleware.php(92): Cake\Http\Runner->__invoke(Object(Cake\Http\ServerRequest), Object(Cake\Http\Response))
#9 /home/user/CS130/current/lamp/cakephp/app/vendor/cakephp/cakephp/src/Http/Runner.php(65): Cake\Error\Middleware\ErrorHandlerMiddleware->__invoke(Object(Cake\Http\ServerRequest), Object(Cake\Http\Response), Object(Cake\Http\Runner))
#10 /home/user/CS130/current/lamp/cakephp/app/vendor/cakephp/cakephp/src/Http/Runner.php(51): Cake\Http\Runner->__invoke(Object(Cake\Http\ServerRequest), Object(Cake\Http\Response))
#11 /home/user/CS130/current/lamp/cakephp/app/vendor/cakephp/cakephp/src/Http/Server.php(80): Cake\Http\Runner->run(Object(Cake\Http\MiddlewareQueue), Object(Cake\Http\ServerRequest), Object(Cake\Http\Response))
#12 /home/user/CS130/current/lamp/cakephp/app/webroot/index.php(37): Cake\Http\Server->run()
#13 {main}


2017-05-05 20:34:25 Warning: DebugKit not enabled. You need to either install pdo_sqlite, or define the "debug_kit" connection name.
2017-05-05 20:34:30 Warning: DebugKit not enabled. You need to either install pdo_sqlite, or define the "debug_kit" connection name.
2017-05-05 20:34:30 Error: [Cake\View\Exception\MissingTemplateException] Template file "Career/video.ctp" is missing.
Exception Attributes: array (
  'file' => 'Career/video.ctp',
)
Request URL: /career/15-2031/video
Referer URL: http://23.243.209.238:9080/cake/career/15-2031/salary
Stack Trace:
#0 /home/user/CS130/current/lamp/cakephp/app/vendor/cakephp/cakephp/src/View/View.php(592): Cake\View\View->_getViewFileName('Career/video')
#1 /home/user/CS130/current/lamp/cakephp/app/vendor/cakephp/cakephp/src/Controller/Controller.php(623): Cake\View\View->render('video', NULL)
#2 /home/user/CS130/current/lamp/cakephp/app/src/Controller/AppController.php(100): Cake\Controller\Controller->render('video')
#3 /home/user/CS130/current/lamp/cakephp/app/src/Controller/PagesController.php(33): App\Controller\AppController->display('video')
#4 /home/user/CS130/current/lamp/cakephp/app/src/Controller/CareerController.php(46): App\Controller\PagesController->display('video')
#5 /home/user/CS130/current/lamp/cakephp/app/vendor/cakephp/cakephp/src/Controller/Controller.php(440): App\Controller\CareerController->displayCareer('15-2031', 'video')
#6 /home/user/CS130/current/lamp/cakephp/app/vendor/cakephp/cakephp/src/Http/ActionDispatcher.php(119): Cake\Controller\Controller->invokeAction()
#7 /home/user/CS130/current/lamp/cakephp/app/vendor/cakephp/cakephp/src/Http/ActionDispatcher.php(93): Cake\Http\ActionDispatcher->_invoke(Object(App\Controller\CareerController))
#8 /home/user/CS130/current/lamp/cakephp/app/vendor/cakephp/cakephp/src/Http/BaseApplication.php(78): Cake\Http\ActionDispatcher->dispatch(Object(Cake\Http\ServerRequest), Object(Cake\Http\Response))
#9 /home/user/CS130/current/lamp/cakephp/app/vendor/cakephp/cakephp/src/Http/Runner.php(65): Cake\Http\BaseApplication->__invoke(Object(Cake\Http\ServerRequest), Object(Cake\Http\Response), Object(Cake\Http\Runner))
#10 /home/user/CS130/current/lamp/cakephp/app/vendor/cakephp/cakephp/src/Routing/Middleware/RoutingMiddleware.php(59): Cake\Http\Runner->__invoke(Object(Cake\Http\ServerRequest), Object(Cake\Http\Response))
#11 /home/user/CS130/current/lamp/cakephp/app/vendor/cakephp/cakephp/src/Http/Runner.php(65): Cake\Routing\Middleware\RoutingMiddleware->__invoke(Object(Cake\Http\ServerRequest), Object(Cake\Http\Response), Object(Cake\Http\Runner))
#12 /home/user/CS130/current/lamp/cakephp/app/vendor/cakephp/cakephp/src/Routing/Middleware/AssetMiddleware.php(88): Cake\Http\Runner->__invoke(Object(Cake\Http\ServerRequest), Object(Cake\Http\Response))
#13 /home/user/CS130/current/lamp/cakephp/app/vendor/cakephp/cakephp/src/Http/Runner.php(65): Cake\Routing\Middleware\AssetMiddleware->__invoke(Object(Cake\Http\ServerRequest), Object(Cake\Http\Response), Object(Cake\Http\Runner))
#14 /home/user/CS130/current/lamp/cakephp/app/vendor/cakephp/cakephp/src/Error/Middleware/ErrorHandlerMiddleware.php(92): Cake\Http\Runner->__invoke(Object(Cake\Http\ServerRequest), Object(Cake\Http\Response))
#15 /home/user/CS130/current/lamp/cakephp/app/vendor/cakephp/cakephp/src/Http/Runner.php(65): Cake\Error\Middleware\ErrorHandlerMiddleware->__invoke(Object(Cake\Http\ServerRequest), Object(Cake\Http\Response), Object(Cake\Http\Runner))
#16 /home/user/CS130/current/lamp/cakephp/app/vendor/cakephp/cakephp/src/Http/Runner.php(51): Cake\Http\Runner->__invoke(Object(Cake\Http\ServerRequest), Object(Cake\Http\Response))
#17 /home/user/CS130/current/lamp/cakephp/app/vendor/cakephp/cakephp/src/Http/Server.php(80): Cake\Http\Runner->run(Object(Cake\Http\MiddlewareQueue), Object(Cake\Http\ServerRequest), Object(Cake\Http\Response))
#18 /home/user/CS130/current/lamp/cakephp/app/webroot/index.php(37): Cake\Http\Server->run()
#19 {main}


2017-05-05 20:34:36 Warning: DebugKit not enabled. You need to either install pdo_sqlite, or define the "debug_kit" connection name.
2017-05-05 20:34:36 Error: [Cake\View\Exception\MissingTemplateException] Template file "Career/outlook.ctp" is missing.
Exception Attributes: array (
  'file' => 'Career/outlook.ctp',
)
Request URL: /career/15-2031/outlook
Referer URL: http://23.243.209.238:9080/cake/career/15-2031/salary
Stack Trace:
#0 /home/user/CS130/current/lamp/cakephp/app/vendor/cakephp/cakephp/src/View/View.php(592): Cake\View\View->_getViewFileName('Career/outlook')
#1 /home/user/CS130/current/lamp/cakephp/app/vendor/cakephp/cakephp/src/Controller/Controller.php(623): Cake\View\View->render('outlook', NULL)
#2 /home/user/CS130/current/lamp/cakephp/app/src/Controller/AppController.php(100): Cake\Controller\Controller->render('outlook')
#3 /home/user/CS130/current/lamp/cakephp/app/src/Controller/PagesController.php(33): App\Controller\AppController->display('outlook')
#4 /home/user/CS130/current/lamp/cakephp/app/src/Controller/CareerController.php(46): App\Controller\PagesController->display('outlook')
#5 /home/user/CS130/current/lamp/cakephp/app/vendor/cakephp/cakephp/src/Controller/Controller.php(440): App\Controller\CareerController->displayCareer('15-2031', 'outlook')
#6 /home/user/CS130/current/lamp/cakephp/app/vendor/cakephp/cakephp/src/Http/ActionDispatcher.php(119): Cake\Controller\Controller->invokeAction()
#7 /home/user/CS130/current/lamp/cakephp/app/vendor/cakephp/cakephp/src/Http/ActionDispatcher.php(93): Cake\Http\ActionDispatcher->_invoke(Object(App\Controller\CareerController))
#8 /home/user/CS130/current/lamp/cakephp/app/vendor/cakephp/cakephp/src/Http/BaseApplication.php(78): Cake\Http\ActionDispatcher->dispatch(Object(Cake\Http\ServerRequest), Object(Cake\Http\Response))
#9 /home/user/CS130/current/lamp/cakephp/app/vendor/cakephp/cakephp/src/Http/Runner.php(65): Cake\Http\BaseApplication->__invoke(Object(Cake\Http\ServerRequest), Object(Cake\Http\Response), Object(Cake\Http\Runner))
#10 /home/user/CS130/current/lamp/cakephp/app/vendor/cakephp/cakephp/src/Routing/Middleware/RoutingMiddleware.php(59): Cake\Http\Runner->__invoke(Object(Cake\Http\ServerRequest), Object(Cake\Http\Response))
#11 /home/user/CS130/current/lamp/cakephp/app/vendor/cakephp/cakephp/src/Http/Runner.php(65): Cake\Routing\Middleware\RoutingMiddleware->__invoke(Object(Cake\Http\ServerRequest), Object(Cake\Http\Response), Object(Cake\Http\Runner))
#12 /home/user/CS130/current/lamp/cakephp/app/vendor/cakephp/cakephp/src/Routing/Middleware/AssetMiddleware.php(88): Cake\Http\Runner->__invoke(Object(Cake\Http\ServerRequest), Object(Cake\Http\Response))
#13 /home/user/CS130/current/lamp/cakephp/app/vendor/cakephp/cakephp/src/Http/Runner.php(65): Cake\Routing\Middleware\AssetMiddleware->__invoke(Object(Cake\Http\ServerRequest), Object(Cake\Http\Response), Object(Cake\Http\Runner))
#14 /home/user/CS130/current/lamp/cakephp/app/vendor/cakephp/cakephp/src/Error/Middleware/ErrorHandlerMiddleware.php(92): Cake\Http\Runner->__invoke(Object(Cake\Http\ServerRequest), Object(Cake\Http\Response))
#15 /home/user/CS130/current/lamp/cakephp/app/vendor/cakephp/cakephp/src/Http/Runner.php(65): Cake\Error\Middleware\ErrorHandlerMiddleware->__invoke(Object(Cake\Http\ServerRequest), Object(Cake\Http\Response), Object(Cake\Http\Runner))
#16 /home/user/CS130/current/lamp/cakephp/app/vendor/cakephp/cakephp/src/Http/Runner.php(51): Cake\Http\Runner->__invoke(Object(Cake\Http\ServerRequest), Object(Cake\Http\Response))
#17 /home/user/CS130/current/lamp/cakephp/app/vendor/cakephp/cakephp/src/Http/Server.php(80): Cake\Http\Runner->run(Object(Cake\Http\MiddlewareQueue), Object(Cake\Http\ServerRequest), Object(Cake\Http\Response))
#18 /home/user/CS130/current/lamp/cakephp/app/webroot/index.php(37): Cake\Http\Server->run()
#19 {main}


2017-05-05 20:34:40 Warning: DebugKit not enabled. You need to either install pdo_sqlite, or define the "debug_kit" connection name.
2017-05-05 20:34:40 Error: [Cake\View\Exception\MissingTemplateException] Template file "Career/world_of_work.ctp" is missing.
Exception Attributes: array (
  'file' => 'Career/world_of_work.ctp',
)
Request URL: /career/15-2031/world-of-work
Referer URL: http://23.243.209.238:9080/cake/career/15-2031/salary
Stack Trace:
#0 /home/user/CS130/current/lamp/cakephp/app/vendor/cakephp/cakephp/src/View/View.php(592): Cake\View\View->_getViewFileName('Career/world_of...')
#1 /home/user/CS130/current/lamp/cakephp/app/vendor/cakephp/cakephp/src/Controller/Controller.php(623): Cake\View\View->render('world-of-work', NULL)
#2 /home/user/CS130/current/lamp/cakephp/app/src/Controller/AppController.php(100): Cake\Controller\Controller->render('world-of-work')
#3 /home/user/CS130/current/lamp/cakephp/app/src/Controller/PagesController.php(33): App\Controller\AppController->display('world-of-work')
#4 /home/user/CS130/current/lamp/cakephp/app/src/Controller/CareerController.php(46): App\Controller\PagesController->display('world-of-work')
#5 /home/user/CS130/current/lamp/cakephp/app/vendor/cakephp/cakephp/src/Controller/Controller.php(440): App\Controller\CareerController->displayCareer('15-2031', 'world-of-work')
#6 /home/user/CS130/current/lamp/cakephp/app/vendor/cakephp/cakephp/src/Http/ActionDispatcher.php(119): Cake\Controller\Controller->invokeAction()
#7 /home/user/CS130/current/lamp/cakephp/app/vendor/cakephp/cakephp/src/Http/ActionDispatcher.php(93): Cake\Http\ActionDispatcher->_invoke(Object(App\Controller\CareerController))
#8 /home/user/CS130/current/lamp/cakephp/app/vendor/cakephp/cakephp/src/Http/BaseApplication.php(78): Cake\Http\ActionDispatcher->dispatch(Object(Cake\Http\ServerRequest), Object(Cake\Http\Response))
#9 /home/user/CS130/current/lamp/cakephp/app/vendor/cakephp/cakephp/src/Http/Runner.php(65): Cake\Http\BaseApplication->__invoke(Object(Cake\Http\ServerRequest), Object(Cake\Http\Response), Object(Cake\Http\Runner))
#10 /home/user/CS130/current/lamp/cakephp/app/vendor/cakephp/cakephp/src/Routing/Middleware/RoutingMiddleware.php(59): Cake\Http\Runner->__invoke(Object(Cake\Http\ServerRequest), Object(Cake\Http\Response))
#11 /home/user/CS130/current/lamp/cakephp/app/vendor/cakephp/cakephp/src/Http/Runner.php(65): Cake\Routing\Middleware\RoutingMiddleware->__invoke(Object(Cake\Http\ServerRequest), Object(Cake\Http\Response), Object(Cake\Http\Runner))
#12 /home/user/CS130/current/lamp/cakephp/app/vendor/cakephp/cakephp/src/Routing/Middleware/AssetMiddleware.php(88): Cake\Http\Runner->__invoke(Object(Cake\Http\ServerRequest), Object(Cake\Http\Response))
#13 /home/user/CS130/current/lamp/cakephp/app/vendor/cakephp/cakephp/src/Http/Runner.php(65): Cake\Routing\Middleware\AssetMiddleware->__invoke(Object(Cake\Http\ServerRequest), Object(Cake\Http\Response), Object(Cake\Http\Runner))
#14 /home/user/CS130/current/lamp/cakephp/app/vendor/cakephp/cakephp/src/Error/Middleware/ErrorHandlerMiddleware.php(92): Cake\Http\Runner->__invoke(Object(Cake\Http\ServerRequest), Object(Cake\Http\Response))
#15 /home/user/CS130/current/lamp/cakephp/app/vendor/cakephp/cakephp/src/Http/Runner.php(65): Cake\Error\Middleware\ErrorHandlerMiddleware->__invoke(Object(Cake\Http\ServerRequest), Object(Cake\Http\Response), Object(Cake\Http\Runner))
#16 /home/user/CS130/current/lamp/cakephp/app/vendor/cakephp/cakephp/src/Http/Runner.php(51): Cake\Http\Runner->__invoke(Object(Cake\Http\ServerRequest), Object(Cake\Http\Response))
#17 /home/user/CS130/current/lamp/cakephp/app/vendor/cakephp/cakephp/src/Http/Server.php(80): Cake\Http\Runner->run(Object(Cake\Http\MiddlewareQueue), Object(Cake\Http\ServerRequest), Object(Cake\Http\Response))
#18 /home/user/CS130/current/lamp/cakephp/app/webroot/index.php(37): Cake\Http\Server->run()
#19 {main}


2017-05-05 20:37:18 Warning: DebugKit not enabled. You need to either install pdo_sqlite, or define the "debug_kit" connection name.
2017-05-05 20:37:18 Error: [Cake\View\Exception\MissingTemplateException] Template file "Career/video.ctp" is missing.
Exception Attributes: array (
  'file' => 'Career/video.ctp',
)
Request URL: /career/15-2031/world-of-work
Referer URL: http://23.243.209.238:9080/cake/career/15-2031/salary
Stack Trace:
#0 /home/user/CS130/current/lamp/cakephp/app/vendor/cakephp/cakephp/src/View/View.php(592): Cake\View\View->_getViewFileName('Career/video')
#1 /home/user/CS130/current/lamp/cakephp/app/vendor/cakephp/cakephp/src/Controller/Controller.php(623): Cake\View\View->render('video', NULL)
#2 /home/user/CS130/current/lamp/cakephp/app/src/Controller/AppController.php(100): Cake\Controller\Controller->render('video')
#3 /home/user/CS130/current/lamp/cakephp/app/src/Controller/PagesController.php(33): App\Controller\AppController->display('video')
#4 /home/user/CS130/current/lamp/cakephp/app/src/Controller/CareerController.php(46): App\Controller\PagesController->display('video')
#5 /home/user/CS130/current/lamp/cakephp/app/vendor/cakephp/cakephp/src/Controller/Controller.php(440): App\Controller\CareerController->displayCareer('15-2031', 'world-of-work')
#6 /home/user/CS130/current/lamp/cakephp/app/vendor/cakephp/cakephp/src/Http/ActionDispatcher.php(119): Cake\Controller\Controller->invokeAction()
#7 /home/user/CS130/current/lamp/cakephp/app/vendor/cakephp/cakephp/src/Http/ActionDispatcher.php(93): Cake\Http\ActionDispatcher->_invoke(Object(App\Controller\CareerController))
#8 /home/user/CS130/current/lamp/cakephp/app/vendor/cakephp/cakephp/src/Http/BaseApplication.php(78): Cake\Http\ActionDispatcher->dispatch(Object(Cake\Http\ServerRequest), Object(Cake\Http\Response))
#9 /home/user/CS130/current/lamp/cakephp/app/vendor/cakephp/cakephp/src/Http/Runner.php(65): Cake\Http\BaseApplication->__invoke(Object(Cake\Http\ServerRequest), Object(Cake\Http\Response), Object(Cake\Http\Runner))
#10 /home/user/CS130/current/lamp/cakephp/app/vendor/cakephp/cakephp/src/Routing/Middleware/RoutingMiddleware.php(59): Cake\Http\Runner->__invoke(Object(Cake\Http\ServerRequest), Object(Cake\Http\Response))
#11 /home/user/CS130/current/lamp/cakephp/app/vendor/cakephp/cakephp/src/Http/Runner.php(65): Cake\Routing\Middleware\RoutingMiddleware->__invoke(Object(Cake\Http\ServerRequest), Object(Cake\Http\Response), Object(Cake\Http\Runner))
#12 /home/user/CS130/current/lamp/cakephp/app/vendor/cakephp/cakephp/src/Routing/Middleware/AssetMiddleware.php(88): Cake\Http\Runner->__invoke(Object(Cake\Http\ServerRequest), Object(Cake\Http\Response))
#13 /home/user/CS130/current/lamp/cakephp/app/vendor/cakephp/cakephp/src/Http/Runner.php(65): Cake\Routing\Middleware\AssetMiddleware->__invoke(Object(Cake\Http\ServerRequest), Object(Cake\Http\Response), Object(Cake\Http\Runner))
#14 /home/user/CS130/current/lamp/cakephp/app/vendor/cakephp/cakephp/src/Error/Middleware/ErrorHandlerMiddleware.php(92): Cake\Http\Runner->__invoke(Object(Cake\Http\ServerRequest), Object(Cake\Http\Response))
#15 /home/user/CS130/current/lamp/cakephp/app/vendor/cakephp/cakephp/src/Http/Runner.php(65): Cake\Error\Middleware\ErrorHandlerMiddleware->__invoke(Object(Cake\Http\ServerRequest), Object(Cake\Http\Response), Object(Cake\Http\Runner))
#16 /home/user/CS130/current/lamp/cakephp/app/vendor/cakephp/cakephp/src/Http/Runner.php(51): Cake\Http\Runner->__invoke(Object(Cake\Http\ServerRequest), Object(Cake\Http\Response))
#17 /home/user/CS130/current/lamp/cakephp/app/vendor/cakephp/cakephp/src/Http/Server.php(80): Cake\Http\Runner->run(Object(Cake\Http\MiddlewareQueue), Object(Cake\Http\ServerRequest), Object(Cake\Http\Response))
#18 /home/user/CS130/current/lamp/cakephp/app/webroot/index.php(37): Cake\Http\Server->run()
#19 {main}


2017-05-05 20:37:27 Warning: DebugKit not enabled. You need to either install pdo_sqlite, or define the "debug_kit" connection name.
2017-05-05 20:37:27 Error: [Cake\View\Exception\MissingTemplateException] Template file "Career/video.ctp" is missing.
Exception Attributes: array (
  'file' => 'Career/video.ctp',
)
Request URL: /career/15-2031/world-of-work
Referer URL: http://23.243.209.238:9080/cake/career/15-2031/salary
Stack Trace:
#0 /home/user/CS130/current/lamp/cakephp/app/vendor/cakephp/cakephp/src/View/View.php(592): Cake\View\View->_getViewFileName('Career/video')
#1 /home/user/CS130/current/lamp/cakephp/app/vendor/cakephp/cakephp/src/Controller/Controller.php(623): Cake\View\View->render('video', NULL)
#2 /home/user/CS130/current/lamp/cakephp/app/src/Controller/AppController.php(100): Cake\Controller\Controller->render('video')
#3 /home/user/CS130/current/lamp/cakephp/app/src/Controller/PagesController.php(33): App\Controller\AppController->display('video')
#4 /home/user/CS130/current/lamp/cakephp/app/src/Controller/CareerController.php(46): App\Controller\PagesController->display('video')
#5 /home/user/CS130/current/lamp/cakephp/app/vendor/cakephp/cakephp/src/Controller/Controller.php(440): App\Controller\CareerController->displayCareer('15-2031', 'world-of-work')
#6 /home/user/CS130/current/lamp/cakephp/app/vendor/cakephp/cakephp/src/Http/ActionDispatcher.php(119): Cake\Controller\Controller->invokeAction()
#7 /home/user/CS130/current/lamp/cakephp/app/vendor/cakephp/cakephp/src/Http/ActionDispatcher.php(93): Cake\Http\ActionDispatcher->_invoke(Object(App\Controller\CareerController))
#8 /home/user/CS130/current/lamp/cakephp/app/vendor/cakephp/cakephp/src/Http/BaseApplication.php(78): Cake\Http\ActionDispatcher->dispatch(Object(Cake\Http\ServerRequest), Object(Cake\Http\Response))
#9 /home/user/CS130/current/lamp/cakephp/app/vendor/cakephp/cakephp/src/Http/Runner.php(65): Cake\Http\BaseApplication->__invoke(Object(Cake\Http\ServerRequest), Object(Cake\Http\Response), Object(Cake\Http\Runner))
#10 /home/user/CS130/current/lamp/cakephp/app/vendor/cakephp/cakephp/src/Routing/Middleware/RoutingMiddleware.php(59): Cake\Http\Runner->__invoke(Object(Cake\Http\ServerRequest), Object(Cake\Http\Response))
#11 /home/user/CS130/current/lamp/cakephp/app/vendor/cakephp/cakephp/src/Http/Runner.php(65): Cake\Routing\Middleware\RoutingMiddleware->__invoke(Object(Cake\Http\ServerRequest), Object(Cake\Http\Response), Object(Cake\Http\Runner))
#12 /home/user/CS130/current/lamp/cakephp/app/vendor/cakephp/cakephp/src/Routing/Middleware/AssetMiddleware.php(88): Cake\Http\Runner->__invoke(Object(Cake\Http\ServerRequest), Object(Cake\Http\Response))
#13 /home/user/CS130/current/lamp/cakephp/app/vendor/cakephp/cakephp/src/Http/Runner.php(65): Cake\Routing\Middleware\AssetMiddleware->__invoke(Object(Cake\Http\ServerRequest), Object(Cake\Http\Response), Object(Cake\Http\Runner))
#14 /home/user/CS130/current/lamp/cakephp/app/vendor/cakephp/cakephp/src/Error/Middleware/ErrorHandlerMiddleware.php(92): Cake\Http\Runner->__invoke(Object(Cake\Http\ServerRequest), Object(Cake\Http\Response))
#15 /home/user/CS130/current/lamp/cakephp/app/vendor/cakephp/cakephp/src/Http/Runner.php(65): Cake\Error\Middleware\ErrorHandlerMiddleware->__invoke(Object(Cake\Http\ServerRequest), Object(Cake\Http\Response), Object(Cake\Http\Runner))
#16 /home/user/CS130/current/lamp/cakephp/app/vendor/cakephp/cakephp/src/Http/Runner.php(51): Cake\Http\Runner->__invoke(Object(Cake\Http\ServerRequest), Object(Cake\Http\Response))
#17 /home/user/CS130/current/lamp/cakephp/app/vendor/cakephp/cakephp/src/Http/Server.php(80): Cake\Http\Runner->run(Object(Cake\Http\MiddlewareQueue), Object(Cake\Http\ServerRequest), Object(Cake\Http\Response))
#18 /home/user/CS130/current/lamp/cakephp/app/webroot/index.php(37): Cake\Http\Server->run()
#19 {main}


2017-05-05 20:37:31 Warning: DebugKit not enabled. You need to either install pdo_sqlite, or define the "debug_kit" connection name.
2017-05-05 20:37:33 Warning: DebugKit not enabled. You need to either install pdo_sqlite, or define the "debug_kit" connection name.
2017-05-05 20:37:33 Error: [Cake\View\Exception\MissingTemplateException] Template file "Career/video.ctp" is missing.
Exception Attributes: array (
  'file' => 'Career/video.ctp',
)
Request URL: /career/15-2031/world-of-work
Referer URL: http://23.243.209.238:9080/cake/career/15-2031/salary
Stack Trace:
#0 /home/user/CS130/current/lamp/cakephp/app/vendor/cakephp/cakephp/src/View/View.php(592): Cake\View\View->_getViewFileName('Career/video')
#1 /home/user/CS130/current/lamp/cakephp/app/vendor/cakephp/cakephp/src/Controller/Controller.php(623): Cake\View\View->render('video', NULL)
#2 /home/user/CS130/current/lamp/cakephp/app/src/Controller/AppController.php(100): Cake\Controller\Controller->render('video')
#3 /home/user/CS130/current/lamp/cakephp/app/src/Controller/PagesController.php(33): App\Controller\AppController->display('video')
#4 /home/user/CS130/current/lamp/cakephp/app/src/Controller/CareerController.php(46): App\Controller\PagesController->display('video')
#5 /home/user/CS130/current/lamp/cakephp/app/vendor/cakephp/cakephp/src/Controller/Controller.php(440): App\Controller\CareerController->displayCareer('15-2031', 'world-of-work')
#6 /home/user/CS130/current/lamp/cakephp/app/vendor/cakephp/cakephp/src/Http/ActionDispatcher.php(119): Cake\Controller\Controller->invokeAction()
#7 /home/user/CS130/current/lamp/cakephp/app/vendor/cakephp/cakephp/src/Http/ActionDispatcher.php(93): Cake\Http\ActionDispatcher->_invoke(Object(App\Controller\CareerController))
#8 /home/user/CS130/current/lamp/cakephp/app/vendor/cakephp/cakephp/src/Http/BaseApplication.php(78): Cake\Http\ActionDispatcher->dispatch(Object(Cake\Http\ServerRequest), Object(Cake\Http\Response))
#9 /home/user/CS130/current/lamp/cakephp/app/vendor/cakephp/cakephp/src/Http/Runner.php(65): Cake\Http\BaseApplication->__invoke(Object(Cake\Http\ServerRequest), Object(Cake\Http\Response), Object(Cake\Http\Runner))
#10 /home/user/CS130/current/lamp/cakephp/app/vendor/cakephp/cakephp/src/Routing/Middleware/RoutingMiddleware.php(59): Cake\Http\Runner->__invoke(Object(Cake\Http\ServerRequest), Object(Cake\Http\Response))
#11 /home/user/CS130/current/lamp/cakephp/app/vendor/cakephp/cakephp/src/Http/Runner.php(65): Cake\Routing\Middleware\RoutingMiddleware->__invoke(Object(Cake\Http\ServerRequest), Object(Cake\Http\Response), Object(Cake\Http\Runner))
#12 /home/user/CS130/current/lamp/cakephp/app/vendor/cakephp/cakephp/src/Routing/Middleware/AssetMiddleware.php(88): Cake\Http\Runner->__invoke(Object(Cake\Http\ServerRequest), Object(Cake\Http\Response))
#13 /home/user/CS130/current/lamp/cakephp/app/vendor/cakephp/cakephp/src/Http/Runner.php(65): Cake\Routing\Middleware\AssetMiddleware->__invoke(Object(Cake\Http\ServerRequest), Object(Cake\Http\Response), Object(Cake\Http\Runner))
#14 /home/user/CS130/current/lamp/cakephp/app/vendor/cakephp/cakephp/src/Error/Middleware/ErrorHandlerMiddleware.php(92): Cake\Http\Runner->__invoke(Object(Cake\Http\ServerRequest), Object(Cake\Http\Response))
#15 /home/user/CS130/current/lamp/cakephp/app/vendor/cakephp/cakephp/src/Http/Runner.php(65): Cake\Error\Middleware\ErrorHandlerMiddleware->__invoke(Object(Cake\Http\ServerRequest), Object(Cake\Http\Response), Object(Cake\Http\Runner))
#16 /home/user/CS130/current/lamp/cakephp/app/vendor/cakephp/cakephp/src/Http/Runner.php(51): Cake\Http\Runner->__invoke(Object(Cake\Http\ServerRequest), Object(Cake\Http\Response))
#17 /home/user/CS130/current/lamp/cakephp/app/vendor/cakephp/cakephp/src/Http/Server.php(80): Cake\Http\Runner->run(Object(Cake\Http\MiddlewareQueue), Object(Cake\Http\ServerRequest), Object(Cake\Http\Response))
#18 /home/user/CS130/current/lamp/cakephp/app/webroot/index.php(37): Cake\Http\Server->run()
#19 {main}


2017-05-05 20:37:56 Warning: DebugKit not enabled. You need to either install pdo_sqlite, or define the "debug_kit" connection name.
2017-05-05 20:37:56 Error: [Cake\View\Exception\MissingTemplateException] Template file "Career/video.ctp" is missing.
Exception Attributes: array (
  'file' => 'Career/video.ctp',
)
Request URL: /career/15-2031/world-of-work
Referer URL: http://23.243.209.238:9080/cake/career/15-2031/salary
Stack Trace:
#0 /home/user/CS130/current/lamp/cakephp/app/vendor/cakephp/cakephp/src/View/View.php(592): Cake\View\View->_getViewFileName('Career/video')
#1 /home/user/CS130/current/lamp/cakephp/app/vendor/cakephp/cakephp/src/Controller/Controller.php(623): Cake\View\View->render('video', NULL)
#2 /home/user/CS130/current/lamp/cakephp/app/src/Controller/AppController.php(100): Cake\Controller\Controller->render('video')
#3 /home/user/CS130/current/lamp/cakephp/app/src/Controller/PagesController.php(33): App\Controller\AppController->display('video')
#4 /home/user/CS130/current/lamp/cakephp/app/src/Controller/CareerController.php(46): App\Controller\PagesController->display('video')
#5 /home/user/CS130/current/lamp/cakephp/app/vendor/cakephp/cakephp/src/Controller/Controller.php(440): App\Controller\CareerController->displayCareer('15-2031', 'world-of-work')
#6 /home/user/CS130/current/lamp/cakephp/app/vendor/cakephp/cakephp/src/Http/ActionDispatcher.php(119): Cake\Controller\Controller->invokeAction()
#7 /home/user/CS130/current/lamp/cakephp/app/vendor/cakephp/cakephp/src/Http/ActionDispatcher.php(93): Cake\Http\ActionDispatcher->_invoke(Object(App\Controller\CareerController))
#8 /home/user/CS130/current/lamp/cakephp/app/vendor/cakephp/cakephp/src/Http/BaseApplication.php(78): Cake\Http\ActionDispatcher->dispatch(Object(Cake\Http\ServerRequest), Object(Cake\Http\Response))
#9 /home/user/CS130/current/lamp/cakephp/app/vendor/cakephp/cakephp/src/Http/Runner.php(65): Cake\Http\BaseApplication->__invoke(Object(Cake\Http\ServerRequest), Object(Cake\Http\Response), Object(Cake\Http\Runner))
#10 /home/user/CS130/current/lamp/cakephp/app/vendor/cakephp/cakephp/src/Routing/Middleware/RoutingMiddleware.php(59): Cake\Http\Runner->__invoke(Object(Cake\Http\ServerRequest), Object(Cake\Http\Response))
#11 /home/user/CS130/current/lamp/cakephp/app/vendor/cakephp/cakephp/src/Http/Runner.php(65): Cake\Routing\Middleware\RoutingMiddleware->__invoke(Object(Cake\Http\ServerRequest), Object(Cake\Http\Response), Object(Cake\Http\Runner))
#12 /home/user/CS130/current/lamp/cakephp/app/vendor/cakephp/cakephp/src/Routing/Middleware/AssetMiddleware.php(88): Cake\Http\Runner->__invoke(Object(Cake\Http\ServerRequest), Object(Cake\Http\Response))
#13 /home/user/CS130/current/lamp/cakephp/app/vendor/cakephp/cakephp/src/Http/Runner.php(65): Cake\Routing\Middleware\AssetMiddleware->__invoke(Object(Cake\Http\ServerRequest), Object(Cake\Http\Response), Object(Cake\Http\Runner))
#14 /home/user/CS130/current/lamp/cakephp/app/vendor/cakephp/cakephp/src/Error/Middleware/ErrorHandlerMiddleware.php(92): Cake\Http\Runner->__invoke(Object(Cake\Http\ServerRequest), Object(Cake\Http\Response))
#15 /home/user/CS130/current/lamp/cakephp/app/vendor/cakephp/cakephp/src/Http/Runner.php(65): Cake\Error\Middleware\ErrorHandlerMiddleware->__invoke(Object(Cake\Http\ServerRequest), Object(Cake\Http\Response), Object(Cake\Http\Runner))
#16 /home/user/CS130/current/lamp/cakephp/app/vendor/cakephp/cakephp/src/Http/Runner.php(51): Cake\Http\Runner->__invoke(Object(Cake\Http\ServerRequest), Object(Cake\Http\Response))
#17 /home/user/CS130/current/lamp/cakephp/app/vendor/cakephp/cakephp/src/Http/Server.php(80): Cake\Http\Runner->run(Object(Cake\Http\MiddlewareQueue), Object(Cake\Http\ServerRequest), Object(Cake\Http\Response))
#18 /home/user/CS130/current/lamp/cakephp/app/webroot/index.php(37): Cake\Http\Server->run()
#19 {main}


2017-05-05 20:38:00 Warning: DebugKit not enabled. You need to either install pdo_sqlite, or define the "debug_kit" connection name.
2017-05-05 20:38:02 Warning: DebugKit not enabled. You need to either install pdo_sqlite, or define the "debug_kit" connection name.
